<?xml version="1.0" encoding="UTF-8"?>
<testng-results skipped="0" failed="0" ignored="0" total="1" passed="1">
  <reporter-output>
  </reporter-output>
  <suite name="Default suite" duration-ms="8653" started-at="2019-10-03T23:03:25 BST" finished-at="2019-10-03T23:03:34 BST">
    <groups>
    </groups>
    <test name="Default test" duration-ms="8653" started-at="2019-10-03T23:03:25 BST" finished-at="2019-10-03T23:03:34 BST">
      <class name="manishalearning.DemoTest">
        <test-method status="PASS" signature="Homepage()[pri:0, instance:manishalearning.DemoTest@5ae63ade]" name="Homepage" duration-ms="8553" started-at="2019-10-03T23:03:26 BST" finished-at="2019-10-03T23:03:34 BST">
          <reporter-output>
          </reporter-output>
        </test-method> <!-- Homepage -->
      </class> <!-- manishalearning.DemoTest -->
    </test> <!-- Default test -->
  </suite> <!-- Default suite -->
</testng-results>
